<?xml version="1.0" encoding="UTF-8"?>
<!-- Generated by org.testng.reporters.JUnitXMLReporter -->
<testsuite hostname="DESKTOP-B2426KB" ignored="0" name="Parallel_Testing2" tests="3" failures="0" timestamp="19 Jun 2020 06:24:50 GMT" time="26.482" errors="0">
  <testcase name="test1" time="8.418" classname="com.parallelTesting.ParallelTesting2"/>
  <testcase name="test2" time="7.448" classname="com.parallelTesting.ParallelTesting2"/>
  <testcase name="test3" time="10.597" classname="com.parallelTesting.ParallelTesting2"/>
</testsuite> <!-- Parallel_Testing2 -->
