<?xml version="1.0" encoding="UTF-8"?>
<!-- Generated by org.testng.reporters.JUnitXMLReporter -->
<testsuite hostname="DESKTOP-B2426KB" ignored="0" name="Parallel_Testing" tests="6" failures="0" timestamp="02 Sep 2020 10:46:46 GMT" time="34.102" errors="0">
  <testcase name="test1" time="9.052" classname="com.parallelTesting.ParallelTesting2"/>
  <testcase name="test1" time="11.184" classname="com.parallelTesting.ParallelTesting"/>
  <testcase name="test2" time="11.358" classname="com.parallelTesting.ParallelTesting"/>
  <testcase name="test2" time="13.627" classname="com.parallelTesting.ParallelTesting2"/>
  <testcase name="test3" time="10.806" classname="com.parallelTesting.ParallelTesting2"/>
  <testcase name="test3" time="11.537" classname="com.parallelTesting.ParallelTesting"/>
</testsuite> <!-- Parallel_Testing -->
