<?xml version="1.0" encoding="UTF-8"?>
<testng-results skipped="0" failed="0" ignored="0" total="6" passed="6">
  <reporter-output>
  </reporter-output>
  <suite name="Suite" duration-ms="34102" started-at="2020-09-02T10:46:12Z" finished-at="2020-09-02T10:46:46Z">
    <groups>
    </groups>
    <test name="Parallel_Testing" duration-ms="34102" started-at="2020-09-02T10:46:12Z" finished-at="2020-09-02T10:46:46Z">
      <class name="com.parallelTesting.ParallelTesting2">
        <test-method status="PASS" signature="test1()[pri:0, instance:com.parallelTesting.ParallelTesting2@4671e53b]" name="test1" duration-ms="9052" started-at="2020-09-02T10:46:12Z" finished-at="2020-09-02T10:46:21Z">
          <reporter-output>
          </reporter-output>
        </test-method> <!-- test1 -->
        <test-method status="PASS" signature="test2()[pri:0, instance:com.parallelTesting.ParallelTesting2@4671e53b]" name="test2" duration-ms="13627" started-at="2020-09-02T10:46:21Z" finished-at="2020-09-02T10:46:35Z">
          <reporter-output>
          </reporter-output>
        </test-method> <!-- test2 -->
        <test-method status="PASS" signature="test3()[pri:0, instance:com.parallelTesting.ParallelTesting2@4671e53b]" name="test3" duration-ms="10806" started-at="2020-09-02T10:46:35Z" finished-at="2020-09-02T10:46:46Z">
          <reporter-output>
          </reporter-output>
        </test-method> <!-- test3 -->
      </class> <!-- com.parallelTesting.ParallelTesting2 -->
      <class name="com.parallelTesting.ParallelTesting">
        <test-method status="PASS" signature="test1()[pri:0, instance:com.parallelTesting.ParallelTesting@37374a5e]" name="test1" duration-ms="11184" started-at="2020-09-02T10:46:12Z" finished-at="2020-09-02T10:46:23Z">
          <reporter-output>
          </reporter-output>
        </test-method> <!-- test1 -->
        <test-method status="PASS" signature="test2()[pri:0, instance:com.parallelTesting.ParallelTesting@37374a5e]" name="test2" duration-ms="11358" started-at="2020-09-02T10:46:23Z" finished-at="2020-09-02T10:46:35Z">
          <reporter-output>
          </reporter-output>
        </test-method> <!-- test2 -->
        <test-method status="PASS" signature="test3()[pri:0, instance:com.parallelTesting.ParallelTesting@37374a5e]" name="test3" duration-ms="11537" started-at="2020-09-02T10:46:35Z" finished-at="2020-09-02T10:46:46Z">
          <reporter-output>
          </reporter-output>
        </test-method> <!-- test3 -->
      </class> <!-- com.parallelTesting.ParallelTesting -->
    </test> <!-- Parallel_Testing -->
  </suite> <!-- Suite -->
</testng-results>
